<?xml version="1.0" encoding="UTF-8"?>
<testng-results ignored="0" total="1" passed="1" failed="0" skipped="0">
  <reporter-output>
  </reporter-output>
  <suite started-at="2026-02-28T00:21:14 IST" name="LoginSuit" finished-at="2026-02-28T00:21:31 IST" duration-ms="17176">
    <groups>
    </groups>
    <test started-at="2026-02-28T00:21:14 IST" name="LoginTest" finished-at="2026-02-28T00:21:31 IST" duration-ms="17176">
      <class name="tests.LoginTest">
        <test-method is-config="true" signature="setup()[pri:0, instance:tests.LoginTest@6c64cb25]" started-at="2026-02-28T00:21:14 IST" name="setup" finished-at="2026-02-28T00:21:29 IST" duration-ms="15257" status="PASS">
          <reporter-output>
          </reporter-output>
        </test-method> <!-- setup -->
        <test-method signature="validLogin()[pri:0, instance:tests.LoginTest@6c64cb25]" started-at="2026-02-28T00:21:29 IST" name="validLogin" finished-at="2026-02-28T00:21:31 IST" duration-ms="1873" status="PASS">
          <reporter-output>
          </reporter-output>
        </test-method> <!-- validLogin -->
        <test-method is-config="true" signature="tearDown()[pri:0, instance:tests.LoginTest@6c64cb25]" started-at="2026-02-28T00:21:31 IST" name="tearDown" finished-at="2026-02-28T00:21:31 IST" duration-ms="2" status="PASS">
          <reporter-output>
          </reporter-output>
        </test-method> <!-- tearDown -->
      </class> <!-- tests.LoginTest -->
    </test> <!-- LoginTest -->
  </suite> <!-- LoginSuit -->
</testng-results>
